C:\DOCUMENTS AND SETTINGS\TSHEN\MY DOCUMENTS\VISUAL STUDIO 2010\PROJECTS\OPENCV_HELLO\DEBUG\OPENCV_HELLO.EXE
C:\DOCUMENTS AND SETTINGS\TSHEN\MY DOCUMENTS\VISUAL STUDIO 2010\PROJECTS\OPENCV_HELLO\DEBUG\OPENCV_HELLO.ILK
C:\DOCUMENTS AND SETTINGS\TSHEN\MY DOCUMENTS\VISUAL STUDIO 2010\PROJECTS\OPENCV_HELLO\DEBUG\OPENCV_HELLO.PDB
C:\Documents and Settings\tshen\my documents\visual studio 2010\Projects\opencv_hello\opencv_hello\Debug\cl.command.1.tlog
C:\Documents and Settings\tshen\my documents\visual studio 2010\Projects\opencv_hello\opencv_hello\Debug\CL.read.1.tlog
C:\Documents and Settings\tshen\my documents\visual studio 2010\Projects\opencv_hello\opencv_hello\Debug\CL.write.1.tlog
C:\Documents and Settings\tshen\my documents\visual studio 2010\Projects\opencv_hello\opencv_hello\Debug\link.4008.read.1.tlog
C:\Documents and Settings\tshen\my documents\visual studio 2010\Projects\opencv_hello\opencv_hello\Debug\link.4008.write.1.tlog
C:\Documents and Settings\tshen\my documents\visual studio 2010\Projects\opencv_hello\opencv_hello\Debug\link.4008-cvtres.read.1.tlog
C:\Documents and Settings\tshen\my documents\visual studio 2010\Projects\opencv_hello\opencv_hello\Debug\link.4008-cvtres.write.1.tlog
C:\Documents and Settings\tshen\my documents\visual studio 2010\Projects\opencv_hello\opencv_hello\Debug\link.command.1.tlog
C:\Documents and Settings\tshen\my documents\visual studio 2010\Projects\opencv_hello\opencv_hello\Debug\link.read.1.tlog
C:\Documents and Settings\tshen\my documents\visual studio 2010\Projects\opencv_hello\opencv_hello\Debug\link.write.1.tlog
C:\Documents and Settings\tshen\my documents\visual studio 2010\Projects\opencv_hello\opencv_hello\Debug\link-cvtres.read.1.tlog
C:\Documents and Settings\tshen\my documents\visual studio 2010\Projects\opencv_hello\opencv_hello\Debug\link-cvtres.write.1.tlog
C:\DOCUMENTS AND SETTINGS\TSHEN\MY DOCUMENTS\VISUAL STUDIO 2010\PROJECTS\OPENCV_HELLO\OPENCV_HELLO\DEBUG\MAIN.OBJ
C:\Documents and Settings\tshen\my documents\visual studio 2010\Projects\opencv_hello\opencv_hello\Debug\mt.command.1.tlog
C:\Documents and Settings\tshen\my documents\visual studio 2010\Projects\opencv_hello\opencv_hello\Debug\mt.read.1.tlog
C:\Documents and Settings\tshen\my documents\visual studio 2010\Projects\opencv_hello\opencv_hello\Debug\mt.write.1.tlog
C:\DOCUMENTS AND SETTINGS\TSHEN\MY DOCUMENTS\VISUAL STUDIO 2010\PROJECTS\OPENCV_HELLO\OPENCV_HELLO\DEBUG\OPENCV_HELLO.EXE.EMBED.MANIFEST
C:\DOCUMENTS AND SETTINGS\TSHEN\MY DOCUMENTS\VISUAL STUDIO 2010\PROJECTS\OPENCV_HELLO\OPENCV_HELLO\DEBUG\OPENCV_HELLO.EXE.EMBED.MANIFEST.RES
C:\DOCUMENTS AND SETTINGS\TSHEN\MY DOCUMENTS\VISUAL STUDIO 2010\PROJECTS\OPENCV_HELLO\OPENCV_HELLO\DEBUG\OPENCV_HELLO.EXE.INTERMEDIATE.MANIFEST
C:\Documents and Settings\tshen\my documents\visual studio 2010\Projects\opencv_hello\opencv_hello\Debug\opencv_hello_manifest.rc
C:\Documents and Settings\tshen\my documents\visual studio 2010\Projects\opencv_hello\opencv_hello\Debug\rc.command.1.tlog
C:\Documents and Settings\tshen\my documents\visual studio 2010\Projects\opencv_hello\opencv_hello\Debug\rc.read.1.tlog
C:\Documents and Settings\tshen\my documents\visual studio 2010\Projects\opencv_hello\opencv_hello\Debug\rc.write.1.tlog
C:\Documents and Settings\tshen\my documents\visual studio 2010\Projects\opencv_hello\opencv_hello\Debug\vc100.idb
C:\DOCUMENTS AND SETTINGS\TSHEN\MY DOCUMENTS\VISUAL STUDIO 2010\PROJECTS\OPENCV_HELLO\OPENCV_HELLO\DEBUG\VC100.PDB
